<?xml version="1.0" encoding="UTF-8"?>
<testng-results skipped="0" failed="0" ignored="0" total="1" passed="1">
  <reporter-output>
  </reporter-output>
  <suite name="DemoTest" duration-ms="8522" started-at="2021-04-20T19:55:52 IST" finished-at="2021-04-20T19:56:00 IST">
    <groups>
    </groups>
    <test name="Command line test" duration-ms="8522" started-at="2021-04-20T19:55:52 IST" finished-at="2021-04-20T19:56:00 IST">
      <class name="DemoTest">
        <test-method status="PASS" signature="validateFlights()[pri:0, instance:DemoTest@29774679]" name="validateFlights" duration-ms="8491" started-at="2021-04-20T19:55:52 IST" finished-at="2021-04-20T19:56:00 IST">
          <reporter-output>
          </reporter-output>
        </test-method> <!-- validateFlights -->
      </class> <!-- DemoTest -->
    </test> <!-- Command line test -->
  </suite> <!-- DemoTest -->
</testng-results>
